Performing scene check  for invalid nodes, materials, maps etc. on the : 
12/7/2018 - 5:52:38 PM
Invalid material :"Material #30" found on node : "Tongue".
Invalid map : "(null)" found on node : "Tongue".
Invalid material :"Material #28" found on node : "Tooth_18".
Invalid map : "(null)" found on node : "Tooth_18".
Invalid material :"Material #28" found on node : "Tooth_19".
Invalid map : "(null)" found on node : "Tooth_19".
Invalid material :"Material #28" found on node : "Tooth_20".
Invalid map : "(null)" found on node : "Tooth_20".
Invalid material :"Material #28" found on node : "Tooth_21".
Invalid map : "(null)" found on node : "Tooth_21".
Invalid material :"Material #28" found on node : "Tooth_22".
Invalid map : "(null)" found on node : "Tooth_22".
Invalid material :"Material #28" found on node : "Tooth_23".
Invalid map : "(null)" found on node : "Tooth_23".
Invalid material :"Material #28" found on node : "Tooth_24".
Invalid map : "(null)" found on node : "Tooth_24".
Invalid material :"Material #28" found on node : "Tooth_25".
Invalid map : "(null)" found on node : "Tooth_25".
Invalid material :"Material #28" found on node : "Tooth_26".
Invalid map : "(null)" found on node : "Tooth_26".
Invalid material :"Material #28" found on node : "Tooth_27".
Invalid map : "(null)" found on node : "Tooth_27".
Invalid material :"Material #28" found on node : "Tooth_28".
Invalid map : "(null)" found on node : "Tooth_28".
Invalid material :"Material #28" found on node : "Tooth_29".
Invalid map : "(null)" found on node : "Tooth_29".
Invalid material :"Material #28" found on node : "Tooth_30".
Invalid map : "(null)" found on node : "Tooth_30".
Invalid material :"Material #28" found on node : "Tooth_31".
Invalid map : "(null)" found on node : "Tooth_31".
Invalid material :"Material #29" found on node : "GumsLower".
Invalid map : "(null)" found on node : "GumsLower".
Invalid material :"Material #28" found on node : "Tooth_15".
Invalid map : "(null)" found on node : "Tooth_15".
Invalid material :"Material #28" found on node : "Tooth_14".
Invalid map : "(null)" found on node : "Tooth_14".
Invalid material :"Material #28" found on node : "Tooth_13".
Invalid map : "(null)" found on node : "Tooth_13".
Invalid material :"Material #28" found on node : "Tooth_12".
Invalid map : "(null)" found on node : "Tooth_12".
Invalid material :"Material #28" found on node : "Tooth_11".
Invalid map : "(null)" found on node : "Tooth_11".
Invalid material :"Material #28" found on node : "Tooth_10".
Invalid map : "(null)" found on node : "Tooth_10".
Invalid material :"Material #28" found on node : "Tooth_09".
Invalid map : "(null)" found on node : "Tooth_09".
Invalid material :"Material #28" found on node : "Tooth_08".
Invalid map : "(null)" found on node : "Tooth_08".
Invalid material :"Material #28" found on node : "Tooth_07".
Invalid map : "(null)" found on node : "Tooth_07".
Invalid material :"Material #28" found on node : "Tooth_06".
Invalid map : "(null)" found on node : "Tooth_06".
Invalid material :"Material #28" found on node : "Tooth_05".
Invalid map : "(null)" found on node : "Tooth_05".
Invalid material :"Material #28" found on node : "Tooth_04".
Invalid map : "(null)" found on node : "Tooth_04".
Invalid material :"Material #28" found on node : "Tooth_03".
Invalid map : "(null)" found on node : "Tooth_03".
Invalid material :"Material #28" found on node : "Tooth_02".
Invalid map : "(null)" found on node : "Tooth_02".
Invalid material :"Material #29" found on node : "GumsUpper".
Invalid map : "(null)" found on node : "GumsUpper".
Scene contains : 62 invalid features.
